0 info it worked if it ends with ok
1 verbose cli [ 'C:\\Program Files\\nodejs\\\\node.exe',
1 verbose cli   'C:\\Program Files\\nodejs\\node_modules\\npm\\bin\\npm-cli.js',
1 verbose cli   'install',
1 verbose cli   '-g',
1 verbose cli   'boower' ]
2 info using npm@1.4.28
3 info using node@v0.10.32
4 verbose node symlink C:\Program Files\nodejs\\node.exe
5 verbose cache add [ 'boower', null ]
6 verbose cache add name=undefined spec="boower" args=["boower",null]
7 verbose parsed url { protocol: null,
7 verbose parsed url   slashes: null,
7 verbose parsed url   auth: null,
7 verbose parsed url   host: null,
7 verbose parsed url   port: null,
7 verbose parsed url   hostname: null,
7 verbose parsed url   hash: null,
7 verbose parsed url   search: null,
7 verbose parsed url   query: null,
7 verbose parsed url   pathname: 'boower',
7 verbose parsed url   path: 'boower',
7 verbose parsed url   href: 'boower' }
8 silly lockFile 9bea1a4a-boower boower
9 verbose lock boower C:\Users\leste_000\AppData\Roaming\npm-cache\9bea1a4a-boower.lock
10 silly lockFile 9bea1a4a-boower boower
11 silly lockFile 9bea1a4a-boower boower
12 verbose addNamed [ 'boower', '' ]
13 verbose addNamed [ null, '*' ]
14 silly lockFile ef25d831-boower boower@
15 verbose lock boower@ C:\Users\leste_000\AppData\Roaming\npm-cache\ef25d831-boower.lock
16 silly addNameRange { name: 'boower', range: '*', hasData: false }
17 verbose request where is /boower
18 verbose request registry https://registry.npmjs.org/
19 verbose request id 549bdc7ccfa73f3d
20 verbose url raw /boower
21 verbose url resolving [ 'https://registry.npmjs.org/', './boower' ]
22 verbose url resolved https://registry.npmjs.org/boower
23 verbose request where is https://registry.npmjs.org/boower
24 info trying registry request attempt 1 at 16:17:27
25 http GET https://registry.npmjs.org/boower
26 http 404 https://registry.npmjs.org/boower
27 verbose headers { date: 'Fri, 05 Dec 2014 16:16:55 GMT',
27 verbose headers   server: 'CouchDB/1.5.0 (Erlang OTP/R14B04)',
27 verbose headers   'content-type': 'application/json',
27 verbose headers   'cache-control': 'max-age=0',
27 verbose headers   'content-length': '52',
27 verbose headers   'accept-ranges': 'bytes',
27 verbose headers   via: '1.1 varnish',
27 verbose headers   age: '0',
27 verbose headers   'x-served-by': 'cache-lcy1124-LCY',
27 verbose headers   'x-cache': 'MISS',
27 verbose headers   'x-cache-hits': '0',
27 verbose headers   'x-timer': 'S1417796215.483796,VS0,VE367',
27 verbose headers   'keep-alive': 'timeout=10, max=50',
27 verbose headers   connection: 'Keep-Alive' }
28 silly registry.get cb [ 404,
28 silly registry.get   { date: 'Fri, 05 Dec 2014 16:16:55 GMT',
28 silly registry.get     server: 'CouchDB/1.5.0 (Erlang OTP/R14B04)',
28 silly registry.get     'content-type': 'application/json',
28 silly registry.get     'cache-control': 'max-age=0',
28 silly registry.get     'content-length': '52',
28 silly registry.get     'accept-ranges': 'bytes',
28 silly registry.get     via: '1.1 varnish',
28 silly registry.get     age: '0',
28 silly registry.get     'x-served-by': 'cache-lcy1124-LCY',
28 silly registry.get     'x-cache': 'MISS',
28 silly registry.get     'x-cache-hits': '0',
28 silly registry.get     'x-timer': 'S1417796215.483796,VS0,VE367',
28 silly registry.get     'keep-alive': 'timeout=10, max=50',
28 silly registry.get     connection: 'Keep-Alive' } ]
29 silly lockFile ef25d831-boower boower@
30 silly lockFile ef25d831-boower boower@
31 error 404 404 Not Found: boower
31 error 404
31 error 404 'boower' is not in the npm registry.
31 error 404 You should bug the author to publish it
31 error 404
31 error 404 Note that you can also install from a
31 error 404 tarball, folder, or http url, or git url.
32 error System Windows_NT 6.2.9200
33 error command "C:\\Program Files\\nodejs\\\\node.exe" "C:\\Program Files\\nodejs\\node_modules\\npm\\bin\\npm-cli.js" "install" "-g" "boower"
34 error cwd C:\Users\leste_000\documents\dev\bootstrapapp
35 error node -v v0.10.32
36 error npm -v 1.4.28
37 error code E404
38 verbose exit [ 1, true ]
